生成启动时间为 2024/4/28 0:37:24。
     1>项目“C:\Users\Administrator\Desktop\111\class_libuv\proj.win32\class_libuv.vcxproj”在节点 2 上(Build 个目标)。
     1>ClCompile:
         C:\Program Files (x86)\Microsoft Visual Studio 12.0\VC\bin\CL.exe /c /IC:\Users\Administrator\Desktop\111\class_libuv\3rd\libuv\src /IC:\Users\Administrator\Desktop\111\class_libuv\3rd\libuv\src\win /IC:\Users\Administrator\Desktop\111\class_libuv\3rd\libuv\include /IC:\Users\Administrator\Desktop\111\class_libuv\3rd\libuv /ZI /nologo /W3 /WX- /Od /Oy- /D WIN32 /D _DEBUG /D _CONSOLE /D _LIB /D WIN32_LEAN_AND_MEAN /D _UNICODE /D UNICODE /Gm /EHsc /RTC1 /MDd /GS /fp:precise /Zc:wchar_t /Zc:forScope /Fo"Debug\\" /Fd"Debug\vc120.pdb" /Gd /TC /analyze- /errorReport:prompt ..\src\main.c
         main.c
       Link:
         C:\Program Files (x86)\Microsoft Visual Studio 12.0\VC\bin\link.exe /ERRORREPORT:PROMPT /OUT:"C:\Users\Administrator\Desktop\111\class_libuv\proj.win32\Debug\class_libuv.exe" /INCREMENTAL /NOLOGO kernel32.lib user32.lib gdi32.lib winspool.lib comdlg32.lib advapi32.lib shell32.lib ole32.lib oleaut32.lib uuid.lib odbc32.lib odbccp32.lib /MANIFEST /MANIFESTUAC:"level='asInvoker' uiAccess='false'" /manifest:embed /DEBUG /PDB:"C:\Users\Administrator\Desktop\111\class_libuv\proj.win32\Debug\class_libuv.pdb" /SUBSYSTEM:CONSOLE /TLBID:1 /DYNAMICBASE /NXCOMPAT /IMPLIB:"C:\Users\Administrator\Desktop\111\class_libuv\proj.win32\Debug\class_libuv.lib" /MACHINE:X86 ws2_32.lib Iphlpapi.lib Psapi.lib Userenv.lib "Debug\fs-poll.obj"
         Debug\inet.obj
         Debug\threadpool.obj
         "Debug\uv-common.obj"
         Debug\version.obj
         Debug\async.obj
         Debug\core.obj
         Debug\dl.obj
         Debug\error.obj
         "Debug\fs-event.obj"
         Debug\fs.obj
         Debug\getaddrinfo.obj
         Debug\getnameinfo.obj
         Debug\handle.obj
         "Debug\loop-watcher.obj"
         Debug\pipe.obj
         Debug\poll.obj
         "Debug\process-stdio.obj"
         Debug\process.obj
         Debug\req.obj
         Debug\signal.obj
         Debug\snprintf.obj
         Debug\stream.obj
         Debug\tcp.obj
         Debug\thread.obj
         Debug\timer.obj
         Debug\tty.obj
         Debug\udp.obj
         Debug\util.obj
         Debug\winapi.obj
         Debug\winsock.obj
         Debug\main.obj
         class_libuv.vcxproj -> C:\Users\Administrator\Desktop\111\class_libuv\proj.win32\Debug\class_libuv.exe
     1>已完成生成项目“C:\Users\Administrator\Desktop\111\class_libuv\proj.win32\class_libuv.vcxproj”(Build 个目标)的操作。

生成成功。

已用时间 00:00:00.81
